d:\tetris_oop\tetris_\tetris.io\tetris_\x64\debug\vc143.pdb
d:\tetris_oop\tetris_\tetris.io\tetris_\x64\debug\.netframework,version=v4.7.2.assemblyattributes.obj
d:\tetris_oop\tetris_\tetris.io\tetris_\x64\debug\myform.obj
d:\tetris_oop\tetris_\tetris.io\x64\debug\tetris_.exe
d:\tetris_oop\tetris_\tetris.io\tetris_\x64\debug\tetris_.vcxproj.assemblyreference.cache
d:\tetris_oop\tetris_\tetris.io\tetris_\x64\debug\tetris_.vcxproj.generateresource.cache
d:\tetris_oop\tetris_\tetris.io\tetris_\x64\debug\tetris.myform.resources
d:\tetris_oop\tetris_\tetris.io\x64\debug\tetris_.pdb
d:\tetris_oop\tetris_\tetris.io\tetris_\x64\debug\tetris_.tlog\cl.command.1.tlog
d:\tetris_oop\tetris_\tetris.io\tetris_\x64\debug\tetris_.tlog\cl.read.1.tlog
d:\tetris_oop\tetris_\tetris.io\tetris_\x64\debug\tetris_.tlog\cl.write.1.tlog
d:\tetris_oop\tetris_\tetris.io\tetris_\x64\debug\tetris_.tlog\link.32120-cvtres.read.1.tlog
d:\tetris_oop\tetris_\tetris.io\tetris_\x64\debug\tetris_.tlog\link.32120-cvtres.write.1.tlog
d:\tetris_oop\tetris_\tetris.io\tetris_\x64\debug\tetris_.tlog\link.32120-rc.read.1.tlog
d:\tetris_oop\tetris_\tetris.io\tetris_\x64\debug\tetris_.tlog\link.32120-rc.write.1.tlog
d:\tetris_oop\tetris_\tetris.io\tetris_\x64\debug\tetris_.tlog\link.32120.read.1.tlog
d:\tetris_oop\tetris_\tetris.io\tetris_\x64\debug\tetris_.tlog\link.32120.read.2.tlog
d:\tetris_oop\tetris_\tetris.io\tetris_\x64\debug\tetris_.tlog\link.32120.write.1.tlog
d:\tetris_oop\tetris_\tetris.io\tetris_\x64\debug\tetris_.tlog\link.command.1.tlog
d:\tetris_oop\tetris_\tetris.io\tetris_\x64\debug\tetris_.tlog\link.read.1.tlog
d:\tetris_oop\tetris_\tetris.io\tetris_\x64\debug\tetris_.tlog\link.read.2.tlog
d:\tetris_oop\tetris_\tetris.io\tetris_\x64\debug\tetris_.tlog\link.write.1.tlog
d:\tetris_oop\tetris_\tetris.io\tetris_\x64\debug\tetris_.tlog\metagen.read.1.tlog
d:\tetris_oop\tetris_\tetris.io\tetris_\x64\debug\tetris_.tlog\metagen.write.1.tlog
d:\tetris_oop\tetris_\tetris.io\tetris_\x64\debug\tetris_.tlog\resgen.command.1.tlog
d:\tetris_oop\tetris_\tetris.io\tetris_\x64\debug\tetris_.tlog\resgen.read.1.tlog
d:\tetris_oop\tetris_\tetris.io\tetris_\x64\debug\tetris_.tlog\resgen.write.1.tlog
